<?xml version="1.0" encoding="UTF-8"?>
<!-- Generated by org.testng.reporters.JUnitXMLReporter -->
<testsuite hostname="DESKTOP-QSBLT4Q" ignored="0" name="Default test" tests="4" failures="0" timestamp="19 Sep 2017 12:14:41 GMT" time="38.705" errors="0">
  <testcase name="testEmptyUsername" time="7.468" classname="tests.TestLogin"/>
  <testcase name="testEmptyPassword" time="7.267" classname="tests.TestLogin"/>
  <testcase name="testWrongCredentials" time="7.331" classname="tests.TestLogin"/>
  <testcase name="testLogin" time="7.82" classname="tests.TestLogin"/>
</testsuite> <!-- Default test -->
