<?xml version="1.0" encoding="UTF-8"?>
<testng-results skipped="0" failed="0" ignored="0" total="4" passed="4">
  <reporter-output>
  </reporter-output>
  <suite name="Default suite" duration-ms="38705" started-at="2017-09-19T12:14:02Z" finished-at="2017-09-19T12:14:41Z">
    <groups>
    </groups>
    <test name="Default test" duration-ms="38705" started-at="2017-09-19T12:14:02Z" finished-at="2017-09-19T12:14:41Z">
      <class name="tests.TestLogin">
        <test-method status="PASS" signature="launchapp()[pri:0, instance:tests.TestLogin@60c6f5b]" name="launchapp" is-config="true" duration-ms="8737" started-at="2017-09-19T20:14:02Z" finished-at="2017-09-19T20:14:11Z">
          <reporter-output>
          </reporter-output>
        </test-method> <!-- launchapp -->
        <test-method status="PASS" signature="testEmptyUsername()[pri:1, instance:tests.TestLogin@60c6f5b]" name="testEmptyUsername" duration-ms="7468" started-at="2017-09-19T20:14:11Z" description="Test with empty username" finished-at="2017-09-19T20:14:18Z">
          <reporter-output>
          </reporter-output>
        </test-method> <!-- testEmptyUsername -->
        <test-method status="PASS" signature="testEmptyPassword()[pri:2, instance:tests.TestLogin@60c6f5b]" name="testEmptyPassword" duration-ms="7267" started-at="2017-09-19T20:14:18Z" description="Test with empty password field" finished-at="2017-09-19T20:14:26Z">
          <reporter-output>
          </reporter-output>
        </test-method> <!-- testEmptyPassword -->
        <test-method status="PASS" signature="testWrongCredentials()[pri:3, instance:tests.TestLogin@60c6f5b]" name="testWrongCredentials" duration-ms="7331" started-at="2017-09-19T20:14:26Z" description="Test with wrong credentials" finished-at="2017-09-19T20:14:33Z">
          <reporter-output>
          </reporter-output>
        </test-method> <!-- testWrongCredentials -->
        <test-method status="PASS" signature="testLogin()[pri:4, instance:tests.TestLogin@60c6f5b]" name="testLogin" duration-ms="7820" started-at="2017-09-19T20:14:33Z" description="Tests with proper and correct credentials" finished-at="2017-09-19T20:14:41Z">
          <reporter-output>
          </reporter-output>
        </test-method> <!-- testLogin -->
        <test-method status="PASS" signature="terminatetest()[pri:0, instance:tests.TestLogin@60c6f5b]" name="terminatetest" is-config="true" duration-ms="39" started-at="2017-09-19T20:14:41Z" finished-at="2017-09-19T20:14:41Z">
          <reporter-output>
          </reporter-output>
        </test-method> <!-- terminatetest -->
      </class> <!-- tests.TestLogin -->
    </test> <!-- Default test -->
  </suite> <!-- Default suite -->
</testng-results>
